2023-09-03 19:46:24 INFO  MenuControler:19 - botones
2023-09-03 19:46:27 INFO  ClienteController:43 - opciones
2023-09-03 19:47:10 INFO  ClienteController:52 - registrarCli
2023-09-03 19:47:20 INFO  ClienteController:43 - opciones
2023-09-03 19:47:24 INFO  ClienteController:83 - busquedaMarcayModelo
2023-09-03 19:48:31 INFO  EmpleadoController:44 - opciones
2023-09-03 19:48:33 INFO  EmpleadoController:179 - vistaRetirarSinReserva
2023-09-03 19:48:43 INFO  EmpleadoController:171 - buscarNumeroReserva
2023-09-03 19:49:38 INFO  EmpleadoController:44 - opciones
2023-09-03 19:49:39 INFO  EmpleadoController:103 - vistaBusquedaPlaca
2023-09-03 20:46:22 INFO  ReporteController:38 - opciones
2023-09-03 20:46:24 INFO  MenuControler:19 - botones
2023-09-03 20:46:25 INFO  ClienteController:43 - opciones
2023-09-03 20:46:26 INFO  ClienteController:83 - busquedaMarcayModelo
2023-09-03 20:48:06 INFO  ClienteController:83 - busquedaMarcayModelo
2023-09-03 20:48:14 INFO  ClienteController:43 - opciones
2023-09-03 20:48:17 INFO  MenuControler:19 - botones
2023-09-03 20:48:18 INFO  ClienteController:43 - opciones
2023-09-03 20:48:21 INFO  MenuControler:19 - botones
2023-09-03 20:48:22 INFO  EmpleadoController:44 - opciones
2023-09-03 20:48:26 INFO  EmpleadoController:90 - vistaBusqueda
2023-09-03 20:48:40 INFO  EmpleadoController:90 - vistaBusqueda
2023-09-03 20:49:07 INFO  EmpleadoController:44 - opciones
2023-09-03 20:49:10 INFO  MenuControler:19 - botones
2023-09-03 20:49:16 INFO  ClienteController:43 - opciones
2023-09-03 20:51:07 INFO  MenuControler:19 - botones
2023-09-03 20:51:42 INFO  ClienteController:43 - opciones
2023-09-03 20:51:44 INFO  ClienteController:52 - registrarCli
2023-09-03 20:52:31 INFO  ClienteController:61 - insertar
2023-09-03 20:52:33 INFO  ClienteController:61 - insertar
2023-09-03 20:52:35 INFO  ClienteController:61 - insertar
2023-09-03 20:52:36 INFO  ClienteController:61 - insertar
2023-09-03 20:52:38 INFO  ClienteController:61 - insertar
2023-09-03 20:52:40 INFO  ClienteController:61 - insertar
2023-09-03 20:52:48 INFO  MenuControler:19 - botones
2023-09-03 20:52:53 INFO  ClienteController:43 - opciones
2023-09-03 20:52:56 INFO  ClienteController:83 - busquedaMarcayModelo
2023-09-03 20:53:05 INFO  ClienteController:83 - busquedaMarcayModelo
2023-09-03 20:53:15 INFO  ClienteController:83 - busquedaMarcayModelo
2023-09-03 20:53:26 INFO  ClienteController:43 - opciones
2023-09-03 20:53:27 INFO  ClienteController:97 - registrarReserva
2023-09-03 20:54:49 INFO  ClienteController:107 - reservar
2023-09-03 20:54:49 INFO  ClienteController:128 - reservaExitosa
2023-09-03 21:00:36 INFO  ClienteController:97 - registrarReserva
2023-09-03 21:00:38 INFO  ClienteController:43 - opciones
2023-09-03 21:00:41 INFO  ClienteController:83 - busquedaMarcayModelo
2023-09-03 21:00:45 INFO  ClienteController:43 - opciones
2023-09-03 21:00:47 INFO  ClienteController:83 - busquedaMarcayModelo
2023-09-03 21:14:05 INFO  ClienteController:43 - opciones
2023-09-03 21:14:13 INFO  MenuControler:19 - botones
2023-09-03 21:14:15 INFO  EmpleadoController:44 - opciones
2023-09-03 21:14:23 INFO  EmpleadoController:54 - registrarCliEmpleado
2023-09-03 21:15:14 INFO  EmpleadoController:62 - insertar
2023-09-03 21:15:17 INFO  MenuControler:19 - botones
2023-09-03 21:15:20 INFO  ClienteController:43 - opciones
2023-09-03 21:15:24 INFO  MenuControler:19 - botones
2023-09-03 21:15:25 INFO  EmpleadoController:44 - opciones
2023-09-03 21:15:26 INFO  EmpleadoController:90 - vistaBusqueda
2023-09-03 21:15:33 INFO  EmpleadoController:90 - vistaBusqueda
2023-09-03 21:15:41 INFO  EmpleadoController:90 - vistaBusqueda
2023-09-03 21:15:44 INFO  EmpleadoController:44 - opciones
2023-09-03 21:15:50 INFO  EmpleadoController:72 - registrarVehiculo
2023-09-03 21:16:54 INFO  EmpleadoController:80 - insertarVehiculo
2023-09-03 21:17:01 INFO  EmpleadoController:80 - insertarVehiculo
2023-09-03 21:17:03 INFO  EmpleadoController:80 - insertarVehiculo
2023-09-03 21:17:05 INFO  EmpleadoController:80 - insertarVehiculo
2023-09-03 21:17:07 INFO  EmpleadoController:80 - insertarVehiculo
2023-09-03 21:17:09 INFO  EmpleadoController:80 - insertarVehiculo
2023-09-03 21:17:11 INFO  EmpleadoController:80 - insertarVehiculo
2023-09-03 21:17:13 INFO  EmpleadoController:80 - insertarVehiculo
2023-09-03 21:17:15 INFO  EmpleadoController:80 - insertarVehiculo
2023-09-03 21:17:17 INFO  EmpleadoController:80 - insertarVehiculo
2023-09-03 21:17:20 INFO  MenuControler:19 - botones
2023-09-03 21:17:22 INFO  EmpleadoController:44 - opciones
2023-09-03 21:17:27 INFO  MenuControler:19 - botones
2023-09-03 21:17:28 INFO  ClienteController:43 - opciones
2023-09-03 21:17:32 INFO  ClienteController:83 - busquedaMarcayModelo
2023-09-03 21:17:46 INFO  ClienteController:83 - busquedaMarcayModelo
2023-09-03 21:19:27 INFO  ClienteController:43 - opciones
2023-09-03 21:19:28 INFO  MenuControler:19 - botones
2023-09-03 21:19:29 INFO  EmpleadoController:44 - opciones
2023-09-03 21:19:31 INFO  EmpleadoController:103 - vistaBusquedaPlaca
2023-09-03 21:20:06 INFO  EmpleadoController:103 - vistaBusquedaPlaca
2023-09-03 21:20:12 INFO  EmpleadoController:44 - opciones
2023-09-03 21:20:20 INFO  EmpleadoController:171 - buscarNumeroReserva
2023-09-03 21:20:44 INFO  EmpleadoController:142 - retirarVehiculo
2023-09-03 21:20:49 INFO  EmpleadoController:130 - retirarReserva
2023-09-03 21:20:51 INFO  EmpleadoController:44 - opciones
2023-09-03 21:20:52 INFO  MenuControler:19 - botones
2023-09-03 21:20:54 INFO  EmpleadoController:44 - opciones
2023-09-03 21:20:56 INFO  MenuControler:19 - botones
2023-09-03 21:20:56 INFO  ClienteController:43 - opciones
2023-09-03 21:20:58 INFO  ClienteController:83 - busquedaMarcayModelo
2023-09-03 21:21:04 INFO  ClienteController:83 - busquedaMarcayModelo
2023-09-03 21:21:27 INFO  ClienteController:43 - opciones
2023-09-03 21:21:28 INFO  MenuControler:19 - botones
2023-09-03 21:21:30 INFO  EmpleadoController:44 - opciones
2023-09-03 21:21:33 INFO  EmpleadoController:179 - vistaRetirarSinReserva
2023-09-03 21:21:43 INFO  EmpleadoController:171 - buscarNumeroReserva
2023-09-03 21:21:50 INFO  EmpleadoController:44 - opciones
2023-09-03 21:21:56 INFO  MenuControler:19 - botones
2023-09-03 21:21:59 INFO  ReporteController:38 - opciones
2023-09-03 21:22:01 INFO  MenuControler:19 - botones
2023-09-03 21:22:01 INFO  EmpleadoController:44 - opciones
2023-09-03 21:22:04 INFO  EmpleadoController:179 - vistaRetirarSinReserva
2023-09-03 21:22:58 INFO  EmpleadoController:179 - vistaRetirarSinReserva
2023-09-03 21:23:03 INFO  EmpleadoController:44 - opciones
2023-09-03 21:23:06 INFO  MenuControler:19 - botones
2023-09-03 21:23:07 INFO  ReporteController:38 - opciones
2023-09-03 21:23:11 INFO  ReporteController:46 - buscar
2023-09-03 21:23:36 INFO  ReporteController:54 - consultarRangoFechas
2023-09-03 21:23:48 INFO  ReporteController:38 - opciones
2023-09-03 21:23:50 INFO  ReporteController:66 - buscarVip
2023-09-03 21:23:55 INFO  ReporteController:38 - opciones
2023-09-03 21:23:57 INFO  ReporteController:77 - reporteVehiculo
2023-09-03 21:24:13 INFO  ReporteController:85 - buscarVipVehiculo
2023-09-03 21:24:13 INFO  ReporteController:89 - %2023-09%
2023-09-03 21:24:21 INFO  ReporteController:77 - reporteVehiculo
2023-09-03 21:24:55 INFO  ReporteController:77 - reporteVehiculo
2023-09-03 21:25:04 INFO  ReporteController:77 - reporteVehiculo
2023-09-03 21:32:21 INFO  ReporteController:38 - opciones
2023-09-03 21:32:22 INFO  MenuControler:19 - botones
2023-09-03 21:32:26 INFO  ClienteController:43 - opciones
2023-09-03 21:32:31 INFO  MenuControler:19 - botones
2023-09-03 21:32:34 INFO  EmpleadoController:44 - opciones
2023-09-03 21:32:46 INFO  MenuControler:19 - botones
2023-09-03 21:35:36 INFO  MenuControler:19 - botones
2023-09-03 21:35:53 INFO  ClienteController:128 - reservaExitosa
2023-09-03 21:36:13 INFO  ClienteController:97 - registrarReserva
2023-09-03 21:36:17 INFO  ClienteController:128 - reservaExitosa
2023-09-03 21:36:19 INFO  ClienteController:97 - registrarReserva
2023-09-03 21:37:15 INFO  ClienteController:107 - reservar
2023-09-03 21:37:15 INFO  ClienteController:97 - registrarReserva
2023-09-03 21:37:42 INFO  ClienteController:107 - reservar
2023-09-03 21:37:42 INFO  ClienteController:128 - reservaExitosa
2023-09-03 21:40:53 INFO  ClienteController:133 - reservaExitosa
2023-09-03 21:41:01 INFO  ClienteController:98 - registrarReserva
2023-09-03 21:41:04 INFO  ClienteController:44 - opciones
2023-09-04 11:06:18 INFO  MenuControler:19 - botones
2023-09-04 11:06:50 INFO  ClienteController:44 - opciones
2023-09-04 11:06:53 INFO  ClienteController:53 - registrarCli
2023-09-04 11:07:35 INFO  ClienteController:62 - insertar
2023-09-04 11:07:36 INFO  MenuControler:19 - botones
2023-09-04 11:07:37 INFO  ClienteController:44 - opciones
2023-09-04 11:07:38 INFO  ClienteController:84 - busquedaMarcayModelo
2023-09-04 11:08:21 INFO  ClienteController:84 - busquedaMarcayModelo
2023-09-04 11:08:25 INFO  ClienteController:44 - opciones
2023-09-04 11:08:27 INFO  ClienteController:53 - registrarCli
2023-09-04 11:08:29 INFO  ClienteController:44 - opciones
2023-09-04 11:08:29 INFO  ClienteController:84 - busquedaMarcayModelo
2023-09-04 11:08:31 INFO  ClienteController:44 - opciones
2023-09-04 11:08:32 INFO  ClienteController:98 - registrarReserva
2023-09-04 11:18:46 INFO  ClienteController:108 - reservar
2023-09-04 11:19:16 INFO  ClienteController:108 - reservar
2023-09-04 11:19:16 INFO  ClienteController:98 - registrarReserva
2023-09-04 11:19:26 INFO  ClienteController:44 - opciones
2023-09-04 11:19:27 INFO  MenuControler:19 - botones
2023-09-04 11:19:29 INFO  EmpleadoController:44 - opciones
2023-09-04 11:19:33 INFO  EmpleadoController:54 - registrarCliEmpleado
2023-09-04 11:19:36 INFO  EmpleadoController:44 - opciones
2023-09-04 11:19:37 INFO  EmpleadoController:171 - buscarNumeroReserva
2023-09-04 11:19:57 INFO  EmpleadoController:142 - retirarVehiculo
2023-09-04 11:20:07 INFO  EmpleadoController:142 - retirarVehiculo
2023-09-04 11:21:03 INFO  EmpleadoController:171 - buscarNumeroReserva
2023-09-04 11:21:05 INFO  EmpleadoController:142 - retirarVehiculo
2023-09-04 11:21:13 INFO  EmpleadoController:142 - retirarVehiculo
2023-09-04 11:21:13 INFO  EmpleadoController:171 - buscarNumeroReserva
2023-09-04 11:21:18 INFO  EmpleadoController:142 - retirarVehiculo
2023-09-04 11:21:18 INFO  EmpleadoController:171 - buscarNumeroReserva
2023-09-04 11:21:21 INFO  EmpleadoController:142 - retirarVehiculo
2023-09-04 11:21:29 INFO  EmpleadoController:44 - opciones
2023-09-04 11:22:46 INFO  MenuControler:19 - botones
2023-09-04 11:22:47 INFO  ClienteController:44 - opciones
2023-09-04 11:22:48 INFO  ClienteController:98 - registrarReserva
2023-09-04 11:24:22 INFO  ClienteController:108 - reservar
2023-09-04 11:24:22 INFO  ClienteController:133 - reservaExitosa
